<?xml version="1.0" encoding="UTF-8"?>
<testsuite name="fizz.GameControllerTest" tests="1" skipped="0" failures="0" errors="0" timestamp="2017-07-25T21:09:49" hostname="Smaph" time="0.326">
  <properties/>
  <testcase name="result_page" classname="fizz.GameControllerTest" time="0.326"/>
  <system-out><![CDATA[02:39:46.903 [Test worker] DEBUG org.springframework.test.context.junit4.SpringJUnit4ClassRunner - SpringJUnit4ClassRunner constructor called with [class fizz.GameControllerTest]
02:39:46.908 [Test worker] DEBUG org.springframework.test.context.BootstrapUtils - Instantiating CacheAwareContextLoaderDelegate from class [org.springframework.test.context.cache.DefaultCacheAwareContextLoaderDelegate]
02:39:46.915 [Test worker] DEBUG org.springframework.test.context.BootstrapUtils - Instantiating BootstrapContext using constructor [public org.springframework.test.context.support.DefaultBootstrapContext(java.lang.Class,org.springframework.test.context.CacheAwareContextLoaderDelegate)]
02:39:46.931 [Test worker] DEBUG org.springframework.test.context.BootstrapUtils - Instantiating TestContextBootstrapper for test class [fizz.GameControllerTest] from class [org.springframework.boot.test.autoconfigure.web.servlet.WebMvcTestContextBootstrapper]
02:39:46.955 [Test worker] INFO org.springframework.boot.test.autoconfigure.web.servlet.WebMvcTestContextBootstrapper - Neither @ContextConfiguration nor @ContextHierarchy found for test class [fizz.GameControllerTest], using SpringBootContextLoader
02:39:46.959 [Test worker] DEBUG org.springframework.test.context.support.AbstractContextLoader - Did not detect default resource location for test class [fizz.GameControllerTest]: class path resource [fizz/GameControllerTest-context.xml] does not exist
02:39:46.960 [Test worker] DEBUG org.springframework.test.context.support.AbstractContextLoader - Did not detect default resource location for test class [fizz.GameControllerTest]: class path resource [fizz/GameControllerTestContext.groovy] does not exist
02:39:46.960 [Test worker] INFO org.springframework.test.context.support.AbstractContextLoader - Could not detect default resource locations for test class [fizz.GameControllerTest]: no resource found for suffixes {-context.xml, Context.groovy}.
02:39:46.961 [Test worker] INFO org.springframework.test.context.support.AnnotationConfigContextLoaderUtils - Could not detect default configuration classes for test class [fizz.GameControllerTest]: GameControllerTest does not declare any static, non-private, non-final, nested classes annotated with @Configuration.
02:39:47.028 [Test worker] DEBUG org.springframework.test.context.support.ActiveProfilesUtils - Could not find an 'annotation declaring class' for annotation type [org.springframework.test.context.ActiveProfiles] and class [fizz.GameControllerTest]
02:39:47.036 [Test worker] DEBUG org.springframework.core.env.StandardEnvironment - Adding [systemProperties] PropertySource with lowest search precedence
02:39:47.036 [Test worker] DEBUG org.springframework.core.env.StandardEnvironment - Adding [systemEnvironment] PropertySource with lowest search precedence
02:39:47.036 [Test worker] DEBUG org.springframework.core.env.StandardEnvironment - Initialized StandardEnvironment with PropertySources [systemProperties,systemEnvironment]
02:39:47.047 [Test worker] DEBUG org.springframework.core.io.support.PathMatchingResourcePatternResolver - Resolved classpath location [fizz/] to resources [URL [file:/E:/LMS%20slides/adv.%20java/fizz-buzz/build/classes/test/fizz/], URL [file:/E:/LMS%20slides/adv.%20java/fizz-buzz/build/classes/main/fizz/]]
02:39:47.048 [Test worker] DEBUG org.springframework.core.io.support.PathMatchingResourcePatternResolver - Looking for matching resources in directory tree [E:\LMS slides\adv. java\fizz-buzz\build\classes\test\fizz]
02:39:47.049 [Test worker] DEBUG org.springframework.core.io.support.PathMatchingResourcePatternResolver - Searching directory [E:\LMS slides\adv. java\fizz-buzz\build\classes\test\fizz] for files matching pattern [E:/LMS slides/adv. java/fizz-buzz/build/classes/test/fizz/*.class]
02:39:47.051 [Test worker] DEBUG org.springframework.core.io.support.PathMatchingResourcePatternResolver - Looking for matching resources in directory tree [E:\LMS slides\adv. java\fizz-buzz\build\classes\main\fizz]
02:39:47.052 [Test worker] DEBUG org.springframework.core.io.support.PathMatchingResourcePatternResolver - Searching directory [E:\LMS slides\adv. java\fizz-buzz\build\classes\main\fizz] for files matching pattern [E:/LMS slides/adv. java/fizz-buzz/build/classes/main/fizz/*.class]
02:39:47.053 [Test worker] DEBUG org.springframework.core.io.support.PathMatchingResourcePatternResolver - Resolved location pattern [classpath*:fizz/*.class] to resources [file [E:\LMS slides\adv. java\fizz-buzz\build\classes\test\fizz\GameControllerTest.class], file [E:\LMS slides\adv. java\fizz-buzz\build\classes\main\fizz\Application.class], file [E:\LMS slides\adv. java\fizz-buzz\build\classes\main\fizz\GameController.class], file [E:\LMS slides\adv. java\fizz-buzz\build\classes\main\fizz\InputNum.class]]
02:39:47.090 [Test worker] DEBUG org.springframework.context.annotation.ClassPathScanningCandidateComponentProvider - Identified candidate component class: file [E:\LMS slides\adv. java\fizz-buzz\build\classes\main\fizz\Application.class]
02:39:47.098 [Test worker] INFO org.springframework.boot.test.context.SpringBootTestContextBootstrapper - Found @SpringBootConfiguration fizz.Application for test class fizz.GameControllerTest
02:39:47.104 [Test worker] DEBUG org.springframework.boot.test.autoconfigure.web.servlet.WebMvcTestContextBootstrapper - @TestExecutionListeners is not present for class [fizz.GameControllerTest]: using defaults.
02:39:47.106 [Test worker] INFO org.springframework.boot.test.autoconfigure.web.servlet.WebMvcTestContextBootstrapper - Loaded default TestExecutionListener class names from location [META-INF/spring.factories]: [org.springframework.boot.test.mock.mockito.MockitoTestExecutionListener, org.springframework.boot.test.mock.mockito.ResetMocksTestExecutionListener, org.springframework.boot.test.autoconfigure.restdocs.RestDocsTestExecutionListener, org.springframework.boot.test.autoconfigure.web.client.MockRestServiceServerResetTestExecutionListener, org.springframework.boot.test.autoconfigure.web.servlet.MockMvcPrintOnlyOnFailureTestExecutionListener, org.springframework.boot.test.autoconfigure.web.servlet.WebDriverTestExecutionListener, org.springframework.test.context.web.ServletTestExecutionListener, org.springframework.test.context.support.DirtiesContextBeforeModesTestExecutionListener, org.springframework.test.context.support.DependencyInjectionTestExecutionListener, org.springframework.test.context.support.DirtiesContextTestExecutionListener, org.springframework.test.context.transaction.TransactionalTestExecutionListener, org.springframework.test.context.jdbc.SqlScriptsTestExecutionListener]
02:39:47.115 [Test worker] INFO org.springframework.boot.test.autoconfigure.web.servlet.WebMvcTestContextBootstrapper - Could not instantiate TestExecutionListener [org.springframework.test.context.transaction.TransactionalTestExecutionListener]. Specify custom listener classes or make the default listener classes (and their required dependencies) available. Offending class: [org/springframework/transaction/interceptor/TransactionAttributeSource]
02:39:47.117 [Test worker] INFO org.springframework.boot.test.autoconfigure.web.servlet.WebMvcTestContextBootstrapper - Could not instantiate TestExecutionListener [org.springframework.test.context.jdbc.SqlScriptsTestExecutionListener]. Specify custom listener classes or make the default listener classes (and their required dependencies) available. Offending class: [org/springframework/transaction/interceptor/TransactionAttribute]
02:39:47.119 [Test worker] INFO org.springframework.boot.test.autoconfigure.web.servlet.WebMvcTestContextBootstrapper - Using TestExecutionListeners: [org.springframework.test.context.web.ServletTestExecutionListener@14b0b14, org.springframework.test.context.support.DirtiesContextBeforeModesTestExecutionListener@1059447, org.springframework.boot.test.autoconfigure.SpringBootDependencyInjectionTestExecutionListener@ce9794, org.springframework.test.context.support.DirtiesContextTestExecutionListener@17be93c, org.springframework.boot.test.mock.mockito.MockitoTestExecutionListener@915bac, org.springframework.boot.test.autoconfigure.web.servlet.MockMvcPrintOnlyOnFailureTestExecutionListener@1554555, org.springframework.boot.test.mock.mockito.ResetMocksTestExecutionListener@127199c, org.springframework.boot.test.autoconfigure.restdocs.RestDocsTestExecutionListener@19b3bcd, org.springframework.boot.test.autoconfigure.web.client.MockRestServiceServerResetTestExecutionListener@1f544e9, org.springframework.boot.test.autoconfigure.web.servlet.WebDriverTestExecutionListener@ebdaaf]
02:39:47.122 [Test worker] DEBUG org.springframework.test.annotation.ProfileValueUtils - Retrieved @ProfileValueSourceConfiguration [null] for test class [fizz.GameControllerTest]
02:39:47.122 [Test worker] DEBUG org.springframework.test.annotation.ProfileValueUtils - Retrieved ProfileValueSource type [class org.springframework.test.annotation.SystemProfileValueSource] for class [fizz.GameControllerTest]
02:39:47.123 [Test worker] DEBUG org.springframework.test.annotation.ProfileValueUtils - Retrieved @ProfileValueSourceConfiguration [null] for test class [fizz.GameControllerTest]
02:39:47.123 [Test worker] DEBUG org.springframework.test.annotation.ProfileValueUtils - Retrieved ProfileValueSource type [class org.springframework.test.annotation.SystemProfileValueSource] for class [fizz.GameControllerTest]
02:39:47.128 [Test worker] DEBUG org.springframework.test.context.support.AbstractDirtiesContextTestExecutionListener - Before test class: context [DefaultTestContext@28b09 testClass = GameControllerTest, testInstance = [null], testMethod = [null], testException = [null], mergedContextConfiguration = [WebMergedContextConfiguration@1b1cc98 testClass = GameControllerTest, locations = '{}', classes = '{class fizz.Application}', contextInitializerClasses = '[]', activeProfiles = '{}', propertySourceLocations = '{}', propertySourceProperties = '{org.springframework.boot.test.autoconfigure.web.servlet.WebMvcTestContextBootstrapper=true}', contextCustomizers = set[[ImportsContextCustomizer@95e10a key = [org.springframework.boot.autoconfigure.cache.CacheAutoConfiguration, org.springframework.boot.autoconfigure.context.MessageSourceAutoConfiguration, org.springframework.boot.autoconfigure.freemarker.FreeMarkerAutoConfiguration, org.springframework.boot.autoconfigure.groovy.template.GroovyTemplateAutoConfiguration, org.springframework.boot.autoconfigure.gson.GsonAutoConfiguration, org.springframework.boot.autoconfigure.hateoas.HypermediaAutoConfiguration, org.springframework.boot.autoconfigure.jackson.JacksonAutoConfiguration, org.springframework.boot.autoconfigure.mustache.MustacheAutoConfiguration, org.springframework.boot.autoconfigure.thymeleaf.ThymeleafAutoConfiguration, org.springframework.boot.autoconfigure.validation.ValidationAutoConfiguration, org.springframework.boot.autoconfigure.web.ErrorMvcAutoConfiguration, org.springframework.boot.autoconfigure.web.HttpMessageConvertersAutoConfiguration, org.springframework.boot.autoconfigure.web.ServerPropertiesAutoConfiguration, org.springframework.boot.autoconfigure.web.WebMvcAutoConfiguration, org.springframework.boot.test.autoconfigure.web.servlet.MockMvcAutoConfiguration, org.springframework.boot.test.autoconfigure.web.servlet.MockMvcSecurityAutoConfiguration, org.springframework.boot.test.autoconfigure.web.servlet.MockMvcWebClientAutoConfiguration, org.springframework.boot.test.autoconfigure.web.servlet.MockMvcWebDriverAutoConfiguration, Package Import fizz]], org.springframework.boot.test.context.filter.ExcludeFilterContextCustomizer@9cb98e, org.springframework.boot.test.mock.mockito.MockitoContextCustomizer@0, org.springframework.boot.test.autoconfigure.OverrideAutoConfigurationContextCustomizerFactory$DisableAutoConfigurationContextCustomizer@c35474, org.springframework.boot.test.autoconfigure.filter.TypeExcludeFiltersContextCustomizer@3b678b58, org.springframework.boot.test.autoconfigure.properties.PropertyMappingContextCustomizer@f7ecbba0, org.springframework.boot.test.autoconfigure.web.servlet.WebDriverContextCustomizerFactory$Customizer@79ea93], resourceBasePath = '', contextLoader = 'org.springframework.boot.test.context.SpringBootContextLoader', parent = [null]]], class annotated with @DirtiesContext [false] with mode [null].
02:39:47.128 [Test worker] DEBUG org.springframework.test.annotation.ProfileValueUtils - Retrieved @ProfileValueSourceConfiguration [null] for test class [fizz.GameControllerTest]
02:39:47.128 [Test worker] DEBUG org.springframework.test.annotation.ProfileValueUtils - Retrieved ProfileValueSource type [class org.springframework.test.annotation.SystemProfileValueSource] for class [fizz.GameControllerTest]
02:39:47.130 [Test worker] DEBUG org.springframework.test.context.support.DependencyInjectionTestExecutionListener - Performing dependency injection for test context [[DefaultTestContext@28b09 testClass = GameControllerTest, testInstance = fizz.GameControllerTest@33e0c2, testMethod = [null], testException = [null], mergedContextConfiguration = [WebMergedContextConfiguration@1b1cc98 testClass = GameControllerTest, locations = '{}', classes = '{class fizz.Application}', contextInitializerClasses = '[]', activeProfiles = '{}', propertySourceLocations = '{}', propertySourceProperties = '{org.springframework.boot.test.autoconfigure.web.servlet.WebMvcTestContextBootstrapper=true}', contextCustomizers = set[[ImportsContextCustomizer@95e10a key = [org.springframework.boot.autoconfigure.cache.CacheAutoConfiguration, org.springframework.boot.autoconfigure.context.MessageSourceAutoConfiguration, org.springframework.boot.autoconfigure.freemarker.FreeMarkerAutoConfiguration, org.springframework.boot.autoconfigure.groovy.template.GroovyTemplateAutoConfiguration, org.springframework.boot.autoconfigure.gson.GsonAutoConfiguration, org.springframework.boot.autoconfigure.hateoas.HypermediaAutoConfiguration, org.springframework.boot.autoconfigure.jackson.JacksonAutoConfiguration, org.springframework.boot.autoconfigure.mustache.MustacheAutoConfiguration, org.springframework.boot.autoconfigure.thymeleaf.ThymeleafAutoConfiguration, org.springframework.boot.autoconfigure.validation.ValidationAutoConfiguration, org.springframework.boot.autoconfigure.web.ErrorMvcAutoConfiguration, org.springframework.boot.autoconfigure.web.HttpMessageConvertersAutoConfiguration, org.springframework.boot.autoconfigure.web.ServerPropertiesAutoConfiguration, org.springframework.boot.autoconfigure.web.WebMvcAutoConfiguration, org.springframework.boot.test.autoconfigure.web.servlet.MockMvcAutoConfiguration, org.springframework.boot.test.autoconfigure.web.servlet.MockMvcSecurityAutoConfiguration, org.springframework.boot.test.autoconfigure.web.servlet.MockMvcWebClientAutoConfiguration, org.springframework.boot.test.autoconfigure.web.servlet.MockMvcWebDriverAutoConfiguration, Package Import fizz]], org.springframework.boot.test.context.filter.ExcludeFilterContextCustomizer@9cb98e, org.springframework.boot.test.mock.mockito.MockitoContextCustomizer@0, org.springframework.boot.test.autoconfigure.OverrideAutoConfigurationContextCustomizerFactory$DisableAutoConfigurationContextCustomizer@c35474, org.springframework.boot.test.autoconfigure.filter.TypeExcludeFiltersContextCustomizer@3b678b58, org.springframework.boot.test.autoconfigure.properties.PropertyMappingContextCustomizer@f7ecbba0, org.springframework.boot.test.autoconfigure.web.servlet.WebDriverContextCustomizerFactory$Customizer@79ea93], resourceBasePath = '', contextLoader = 'org.springframework.boot.test.context.SpringBootContextLoader', parent = [null]]]].
02:39:47.197 [Test worker] DEBUG org.springframework.core.env.StandardEnvironment - Adding [systemProperties] PropertySource with lowest search precedence
02:39:47.198 [Test worker] DEBUG org.springframework.core.env.StandardEnvironment - Adding [systemEnvironment] PropertySource with lowest search precedence
02:39:47.198 [Test worker] DEBUG org.springframework.core.env.StandardEnvironment - Initialized StandardEnvironment with PropertySources [systemProperties,systemEnvironment]
02:39:47.200 [Test worker] DEBUG org.springframework.core.env.MutablePropertySources - Adding [inline] PropertySource with highest search precedence
02:39:47.209 [Test worker] DEBUG org.springframework.test.context.support.TestPropertySourceUtils - Adding inlined properties to environment: {spring.jmx.enabled=false, org.springframework.boot.test.autoconfigure.web.servlet.WebMvcTestContextBootstrapper=true, server.port=-1}
02:39:47.209 [Test worker] DEBUG org.springframework.core.env.StandardEnvironment - Adding [Inlined Test Properties] PropertySource with highest search precedence

  .   ____          _            __ _ _
 /\\ / ___'_ __ _ _(_)_ __  __ _ \ \ \ \
( ( )\___ | '_ | '_| | '_ \/ _` | \ \ \ \
 \\/  ___)| |_)| | | | | || (_| |  ) ) ) )
  '  |____| .__|_| |_|_| |_\__, | / / / /
 =========|_|==============|___/=/_/_/_/
 :: Spring Boot ::        (v1.5.3.RELEASE)

2017-07-26 02:39:47.530  INFO 6880 --- [    Test worker] fizz.GameControllerTest                  : Starting GameControllerTest on Smaph with PID 6880 (started by Anand in E:\LMS slides\adv. java\fizz-buzz)
2017-07-26 02:39:47.531  INFO 6880 --- [    Test worker] fizz.GameControllerTest                  : No active profile set, falling back to default profiles: default
2017-07-26 02:39:47.776  INFO 6880 --- [    Test worker] o.s.w.c.s.GenericWebApplicationContext   : Refreshing org.springframework.web.context.support.GenericWebApplicationContext@753352: startup date [Wed Jul 26 02:39:47 IST 2017]; root of context hierarchy
2017-07-26 02:39:48.999  INFO 6880 --- [    Test worker] s.w.s.m.m.a.RequestMappingHandlerAdapter : Looking for @ControllerAdvice: org.springframework.web.context.support.GenericWebApplicationContext@753352: startup date [Wed Jul 26 02:39:47 IST 2017]; root of context hierarchy
2017-07-26 02:39:49.072  INFO 6880 --- [    Test worker] s.w.s.m.m.a.RequestMappingHandlerMapping : Mapped "{[/],methods=[POST]}" onto java.lang.String fizz.GameController.validate(fizz.InputNum,org.springframework.validation.BindingResult)
2017-07-26 02:39:49.073  INFO 6880 --- [    Test worker] s.w.s.m.m.a.RequestMappingHandlerMapping : Mapped "{[/],methods=[GET]}" onto java.lang.String fizz.GameController.welcome_page(fizz.InputNum)
2017-07-26 02:39:49.074  INFO 6880 --- [    Test worker] s.w.s.m.m.a.RequestMappingHandlerMapping : Mapped "{[/abc],methods=[POST]}" onto java.lang.String fizz.GameController.result_page(int,org.springframework.ui.Model)
2017-07-26 02:39:49.076  INFO 6880 --- [    Test worker] s.w.s.m.m.a.RequestMappingHandlerMapping : Mapped "{[/error]}" onto public org.springframework.http.ResponseEntity<java.util.Map<java.lang.String, java.lang.Object>> org.springframework.boot.autoconfigure.web.BasicErrorController.error(javax.servlet.http.HttpServletRequest)
2017-07-26 02:39:49.076  INFO 6880 --- [    Test worker] s.w.s.m.m.a.RequestMappingHandlerMapping : Mapped "{[/error],produces=[text/html]}" onto public org.springframework.web.servlet.ModelAndView org.springframework.boot.autoconfigure.web.BasicErrorController.errorHtml(javax.servlet.http.HttpServletRequest,javax.servlet.http.HttpServletResponse)
2017-07-26 02:39:49.118  INFO 6880 --- [    Test worker] o.s.w.s.handler.SimpleUrlHandlerMapping  : Mapped URL path [/webjars/**] onto handler of type [class org.springframework.web.servlet.resource.ResourceHttpRequestHandler]
2017-07-26 02:39:49.119  INFO 6880 --- [    Test worker] o.s.w.s.handler.SimpleUrlHandlerMapping  : Mapped URL path [/**] onto handler of type [class org.springframework.web.servlet.resource.ResourceHttpRequestHandler]
2017-07-26 02:39:49.164  INFO 6880 --- [    Test worker] o.s.w.s.handler.SimpleUrlHandlerMapping  : Mapped URL path [/**/favicon.ico] onto handler of type [class org.springframework.web.servlet.resource.ResourceHttpRequestHandler]
2017-07-26 02:39:49.607  INFO 6880 --- [    Test worker] o.s.b.t.m.w.SpringBootMockServletContext : Initializing Spring FrameworkServlet ''
2017-07-26 02:39:49.608  INFO 6880 --- [    Test worker] o.s.t.web.servlet.TestDispatcherServlet  : FrameworkServlet '': initialization started
2017-07-26 02:39:49.619  INFO 6880 --- [    Test worker] o.s.t.web.servlet.TestDispatcherServlet  : FrameworkServlet '': initialization completed in 11 ms
2017-07-26 02:39:49.684  INFO 6880 --- [    Test worker] fizz.GameControllerTest                  : Started GameControllerTest in 2.466 seconds (JVM running for 3.554)

MockHttpServletRequest:
      HTTP Method = POST
      Request URI = /abc
       Parameters = {int_number=[5], model=[model]}
          Headers = {}

Handler:
             Type = fizz.GameController
           Method = java.lang.String fizz.GameController.result_page(int,org.springframework.ui.Model)

Async:
    Async started = false
     Async result = null

Resolved Exception:
             Type = null

ModelAndView:
        View name = result
             View = null
        Attribute = data
            value = [2, wizz, 4, wuzz]

FlashMap:
       Attributes = null

MockHttpServletResponse:
           Status = 200
    Error message = null
          Headers = {Content-Type=[text/html;charset=UTF-8]}
     Content type = text/html;charset=UTF-8
             Body = <!DOCTYPE HTML>

<html xmlns:pages="http://www.w3.org/1999/xhtml">

<head>
    <title>Getting Started: Serving Web Content</title>
    <meta http-equiv="Content-Type" content="text/html; charset=UTF-8" />
</head>
<body>
<tr>
    <th> <h1><center>Results of the Integer</center></h1></th>
</tr>
<table align="center" width="100">
    <tbody>
<tr>

    <div>
        
        
        
        
        
        
           <p><td>2</td></p>

    </div>

</tr>
<tr>

    <div>
        
        <p><td style="color:blue;">wizz</td></p>
        
        
        
        
           

    </div>

</tr>
<tr>

    <div>
        
        
        
        
        
        
           <p><td>4</td></p>

    </div>

</tr>
<tr>

    <div>
        
        
        
        <p><td style="color:green;">wuzz</td></p>
        
        
           

    </div>

</tr>
</tbody>
</table>
</body>
</html>
    Forwarded URL = null
   Redirected URL = null
          Cookies = []
]]></system-out>
  <system-err><![CDATA[]]></system-err>
</testsuite>
